                                                                   QUERY PLAN
-------------------------------------------------------------------------------------------------------------------------------------------------
 Sort  (cost=8.01..8.06 rows=22 width=16) (actual time=0.119..0.120 rows=4 loops=1)
   Sort Key: (count(stu.sibling_id))
   Sort Method: quicksort  Memory: 25kB
   ->  HashAggregate  (cost=7.29..7.51 rows=22 width=16) (actual time=0.106..0.108 rows=4 loops=1)
         Group Key: (count(*)), (count(stu.sibling_id))
         Batches: 1  Memory Usage: 24kB
         ->  Append  (cost=2.10..7.18 rows=22 width=16) (actual time=0.043..0.105 rows=4 loops=1)
               ->  HashAggregate  (cost=2.10..2.31 rows=21 width=16) (actual time=0.043..0.043 rows=3 loops=1)
                     Group Key: count(stu.sibling_id)
                     Batches: 1  Memory Usage: 24kB
                     ->  HashAggregate  (cost=1.57..1.78 rows=21 width=12) (actual time=0.035..0.038 rows=21 loops=1)
                           Group Key: stu.student_id
                           Batches: 1  Memory Usage: 24kB
                           ->  Seq Scan on student_sibling stu  (cost=0.00..1.38 rows=38 width=8) (actual time=0.011..0.014 rows=38 loops=1)
               ->  Subquery Scan on "*SELECT* 2"  (cost=4.54..4.56 rows=1 width=16) (actual time=0.059..0.060 rows=1 loops=1)
                     ->  Aggregate  (cost=4.54..4.55 rows=1 width=12) (actual time=0.059..0.059 rows=1 loops=1)
                           ->  Seq Scan on student  (cost=1.47..4.35 rows=75 width=4) (actual time=0.029..0.050 rows=129 loops=1)
                                 Filter: (NOT (hashed SubPlan 1))
                                 Rows Removed by Filter: 21
                                 SubPlan 1
                                   ->  Seq Scan on student_sibling  (cost=0.00..1.38 rows=38 width=4) (actual time=0.004..0.007 rows=38 loops=1)
 Planning Time: 0.318 ms
 Execution Time: 0.203 ms